<?xml version="1.0" encoding="UTF-8"?>
<!-- Generated by org.testng.reporters.JUnitReportReporter -->
<testsuite hostname="DESKTOP-P957H2U" failures="0" tests="2" name="com.guru.testcases.LoginTest" time="10.871" errors="0" timestamp="19 Oct 2021 22:25:39 GMT">
  <testcase classname="com.guru.testcases.LoginTest" name="LogoTest" time="6.406"/>
  <testcase classname="com.guru.testcases.LoginTest" name="LoginPageTitleTest" time="4.465"/>
</testsuite> <!-- com.guru.testcases.LoginTest -->
