<?xml version="1.0" encoding="UTF-8"?>
<!-- Generated by org.testng.reporters.JUnitReportReporter -->
<testsuite hostname="DESKTOP-P957H2U" failures="0" tests="2" name="com.guru.testcases.HomePageTest" time="20.714" errors="0" timestamp="19 Oct 2021 22:25:39 GMT">
  <testcase classname="com.guru.testcases.HomePageTest" name="NewToursTest" time="11.108"/>
  <testcase classname="com.guru.testcases.HomePageTest" name="VarifyHomePageTitleTest" time="9.606"/>
</testsuite> <!-- com.guru.testcases.HomePageTest -->
